<?xml version="1.0" encoding="UTF-8"?>
<!-- Generated by org.testng.reporters.JUnitXMLReporter -->
<testsuite hostname="amitha-PC" ignored="0" name="Test" tests="3" failures="1" timestamp="26 Oct 2018 20:14:08 GMT" time="62.131" errors="0">
  <testcase name="Sample" time="11.862" classname="testcases.TestFindingElements"/>
  <testcase name="verifyTitle" time="0.028" classname="testcases.TestSample"/>
  <testcase name="switchingTabs" time="0.005" classname="sample.Switch">
    <failure type="java.lang.NullPointerException">
      <![CDATA[java.lang.NullPointerException
at sample.Switch.switchingTabs(Switch.java:25)
... Removed 25 stack frames]]>
    </failure>
  </testcase> <!-- switchingTabs -->
</testsuite> <!-- Test -->
