<?xml version="1.0" encoding="UTF-8"?>
<testng-results skipped="0" failed="0" ignored="0" total="1" passed="1">
  <reporter-output>
  </reporter-output>
  <suite name="Default suite" duration-ms="13009" started-at="2018-10-26T20:32:12Z" finished-at="2018-10-26T20:32:25Z">
    <groups>
    </groups>
    <test name="Default test" duration-ms="13009" started-at="2018-10-26T20:32:12Z" finished-at="2018-10-26T20:32:25Z">
      <class name="sample.Switch">
        <test-method status="PASS" signature="setUp()[pri:0, instance:sample.Switch@12f41634]" name="setUp" is-config="true" duration-ms="12101" started-at="2018-10-26T20:32:12Z" finished-at="2018-10-26T20:32:24Z">
          <reporter-output>
          </reporter-output>
        </test-method> <!-- setUp -->
        <test-method status="PASS" signature="switchingTabs()[pri:0, instance:sample.Switch@12f41634]" name="switchingTabs" duration-ms="575" started-at="2018-10-26T20:32:24Z" finished-at="2018-10-26T20:32:25Z">
          <reporter-output>
          </reporter-output>
        </test-method> <!-- switchingTabs -->
        <test-method status="PASS" signature="tearDown()[pri:0, instance:sample.Switch@12f41634]" name="tearDown" is-config="true" duration-ms="302" started-at="2018-10-26T20:32:25Z" finished-at="2018-10-26T20:32:25Z">
          <reporter-output>
          </reporter-output>
        </test-method> <!-- tearDown -->
      </class> <!-- sample.Switch -->
    </test> <!-- Default test -->
  </suite> <!-- Default suite -->
</testng-results>
